<?xml version="1.0" encoding="UTF-8"?>
<!-- Generated by org.testng.reporters.JUnitReportReporter -->
<testsuite hostname="DESKTOP-1CCS179" failures="0" tests="2" name="com.ds.testBase.TestBase" time="12.660" errors="0" timestamp="2023-01-27T20:50:29 IST" skipped="0">
  <testcase classname="com.ds.testBase.TestBase" name="test2" time="5.831"/>
  <system-out/>
  <testcase classname="com.ds.testBase.TestBase" name="test1" time="6.829"/>
  <system-out/>
</testsuite> <!-- com.ds.testBase.TestBase -->
