<?xml version="1.0" encoding="UTF-8"?>
<!-- Generated by org.testng.reporters.JUnitReportReporter -->
<testsuite hostname="DESKTOP-1CCS179" failures="0" tests="1" name="com.ds.testLayer.TranactionTest" time="19.331" errors="0" timestamp="2023-02-02T19:27:12 IST" skipped="0">
  <testcase classname="com.ds.testLayer.TranactionTest" name="getDataFromTransactionPage" time="19.331"/>
  <system-out/>
</testsuite> <!-- com.ds.testLayer.TranactionTest -->
