<?xml version="1.0" encoding="UTF-8"?>
<!-- Generated by org.testng.reporters.JUnitReportReporter -->
<testsuite hostname="YOGESH-PC" failures="0" tests="1" name="com.ds.testLayer.LoginPageTest" time="41.184" errors="0" timestamp="2023-02-13T09:18:03 IST" skipped="0">
  <testcase classname="com.ds.testLayer.LoginPageTest" name="verifyLoginWithCorrectCred" time="41.184"/>
  <system-out/>
</testsuite> <!-- com.ds.testLayer.LoginPageTest -->
